빌드 시작: 2017-05-18 오후 4:29:45
     1>2 노드의 "c:\Users\owner\documents\visual studio 2010\Projects\20170518\20170518\20170518.vcxproj" 프로젝트(build 대상)입니다.
     1>InitializeBuildStatus:
         "AlwaysCreate"이(가) 지정되었기 때문에 "Debug\20170518.unsuccessfulbuild"을(를) 만들고 있습니다.
       ClCompile:
         C:\Program Files\Microsoft Visual Studio 10.0\VC\bin\CL.exe /c /ZI /nologo /W3 /WX- /Od /Oy- /D _MBCS /Gm /EHsc /RTC1 /MDd /GS /fp:precise /Zc:wchar_t /Zc:forScope /Fo"Debug\\" /Fd"Debug\vc100.pdb" /Gd /TC /analyze- /errorReport:prompt P666.c
         P666.c
     1>c:\users\owner\documents\visual studio 2010\projects\20170518\20170518\p666.c(12): warning C4996: 'scanf': This function or variable may be unsafe. Consider using scanf_s instead. To disable deprecation, use _CRT_SECURE_NO_WARNINGS. See online help for details.
                 c:\program files\microsoft visual studio 10.0\vc\include\stdio.h(304) : 'scanf' 선언을 참조하십시오.
     1>c:\users\owner\documents\visual studio 2010\projects\20170518\20170518\p666.c(15): warning C4996: 'scanf': This function or variable may be unsafe. Consider using scanf_s instead. To disable deprecation, use _CRT_SECURE_NO_WARNINGS. See online help for details.
                 c:\program files\microsoft visual studio 10.0\vc\include\stdio.h(304) : 'scanf' 선언을 참조하십시오.
     1>c:\users\owner\documents\visual studio 2010\projects\20170518\20170518\p666.c(18): warning C4996: 'fopen': This function or variable may be unsafe. Consider using fopen_s instead. To disable deprecation, use _CRT_SECURE_NO_WARNINGS. See online help for details.
                 c:\program files\microsoft visual studio 10.0\vc\include\stdio.h(234) : 'fopen' 선언을 참조하십시오.
     1>c:\users\owner\documents\visual studio 2010\projects\20170518\20170518\p666.c(20): warning C4013: 'exit'이(가) 정의되지 않았습니다. extern은 int형을 반환하는 것으로 간주합니다.
       Link:
         C:\Program Files\Microsoft Visual Studio 10.0\VC\bin\link.exe /ERRORREPORT:PROMPT /OUT:"c:\users\owner\documents\visual studio 2010\Projects\20170518\Debug\20170518.exe" /NOLOGO kernel32.lib user32.lib gdi32.lib winspool.lib comdlg32.lib advapi32.lib shell32.lib ole32.lib oleaut32.lib uuid.lib odbc32.lib odbccp32.lib /MANIFEST /ManifestFile:"Debug\20170518.exe.intermediate.manifest" /MANIFESTUAC:"level='asInvoker' uiAccess='false'" /DEBUG /PDB:"c:\users\owner\documents\visual studio 2010\Projects\20170518\Debug\20170518.pdb" /TLBID:1 /DYNAMICBASE /NXCOMPAT /IMPLIB:"c:\users\owner\documents\visual studio 2010\Projects\20170518\Debug\20170518.lib" /MACHINE:X86 Debug\P666.obj
         LINK : c:\users\owner\documents\visual studio 2010\Projects\20170518\Debug\20170518.exe을(를) 찾을 수 없거나 마지막 증분 링크에 의해 빌드되지 않았습니다. 전체 링크를 수행하고 있습니다.
         20170518.vcxproj -> c:\users\owner\documents\visual studio 2010\Projects\20170518\Debug\20170518.exe
       Manifest:
         C:\Program Files\Microsoft SDKs\Windows\v7.0A\bin\mt.exe /nologo /verbose /outputresource:"c:\users\owner\documents\visual studio 2010\Projects\20170518\Debug\20170518.exe;#1" /manifest Debug\20170518.exe.intermediate.manifest
       FinalizeBuildStatus:
         "Debug\20170518.unsuccessfulbuild" 파일을 삭제하고 있습니다.
         "Debug\20170518.lastbuildstate"에 연결(touching)하고 있습니다.
     1>"c:\Users\owner\documents\visual studio 2010\Projects\20170518\20170518\20170518.vcxproj" 프로젝트를 빌드했습니다(build 대상).

빌드했습니다.

경과 시간: 00:00:00.97
